<?xml version="1.0" encoding="UTF-8"?>
<!-- Generated by org.testng.reporters.JUnitXMLReporter -->
<testsuite hostname="DESKTOP-QMN633I" ignored="4" name="FunctionaTesting" tests="5" failures="1" timestamp="17 Aug 2020 14:18:00 GMT" time="36.587" errors="0">
  <testcase name="displayMessage" time="0.009" classname="com.testngconcept.com.FirstTestNG"/>
  <testcase name="displayName" time="0.004" classname="com.testngconcept.com.FirstTestNG"/>
  <testcase name="VerifyValues" time="0.08" classname="com.testngconcept.com.AssertionConcept">
    <failure type="java.lang.AssertionError" message="The following asserts failed:
	fruits are not same expected [orange] but found [apple],
	links are not displayed expected [true] but found [false],
	button should not be displayed expected [false] but found [true]">
      <![CDATA[java.lang.AssertionError: The following asserts failed:
fruits are not same expected [orange] but found [apple],
links are not displayed expected [true] but found [false],
button should not be displayed expected [false] but found [true]
at com.testngconcept.com.AssertionConcept.VerifyValues(AssertionConcept.java:27)
... Removed 26 stack frames]]>
    </failure>
  </testcase> <!-- VerifyValues -->
  <testcase name="login" time="6.186" classname="com.testngconcept.com.SurveyMonkeyLogin"/>
  <testcase name="login" time="5.159" classname="com.testngconcept.com.SurveyMonkeyLoginAllAnnotation"/>
  <testcase name="verifySignUpText" time="0.0" classname="com.testngconcept.com.SurveyMonkeyLogin">
    <ignored/>
  </testcase> <!-- verifySignUpText -->
  <testcase name="checkApplicationTitle" time="0.0" classname="com.testngconcept.com.SurveyMonkeyLoginAllAnnotation">
    <ignored/>
  </testcase> <!-- checkApplicationTitle -->
  <testcase name="verifySignUpText" time="0.0" classname="com.testngconcept.com.SurveyMonkeyLoginAllAnnotation">
    <ignored/>
  </testcase> <!-- verifySignUpText -->
  <testcase name="checkApplicationTitle" time="0.0" classname="com.testngconcept.com.SurveyMonkeyLogin">
    <ignored/>
  </testcase> <!-- checkApplicationTitle -->
</testsuite> <!-- FunctionaTesting -->
